Command line:
   UARTReceiverVHDL_isim_beh.exe
     -simmode  gui
     -simrunnum  0
     -socket  51713

Thu Feb 10 13:54:33 2022


 Elaboration Time: 0.03125 sec

 Current Memory Usage: 5145.09 Meg

 Total Signals          : 4
 Total Nets             : 11
 Total Signal Drivers   : 2
 Total Blocks           : 2
 Total Primitive Blocks : 2
 Total Processes        : 1
 Total Traceable Variables  : 9
 Total Scalar Nets and Variables : 372
Total Line Count : 24

 Total Simulation Time: 0.09375 sec

 Current Memory Usage: 5145.09 Meg

Thu Feb 10 13:54:43 2022

