Command line:
   SevenSegDriverVHDL_isim_beh.exe
     -simmode  gui
     -simrunnum  1
     -socket  50356

Thu Feb 10 09:56:24 2022


 Elaboration Time: 0.0625 sec

 Current Memory Usage: 813.314 Meg

 Total Signals          : 3
 Total Nets             : 13
 Total Signal Drivers   : 1
 Total Blocks           : 2
 Total Primitive Blocks : 2
 Total Processes        : 1
 Total Traceable Variables  : 8
 Total Scalar Nets and Variables : 373
Total Line Count : 12

 Total Simulation Time: 0.078125 sec

 Current Memory Usage: 813.314 Meg

Thu Feb 10 09:56:37 2022

