Release 13.4 - xst O.87xd (nt64)
Copyright (c) 1995-2011 Xilinx, Inc.  All rights reserved.
--> Parameter TMPDIR set to xst/projnav.tmp


Total REAL time to Xst completion: 0.00 secs
Total CPU time to Xst completion: 0.14 secs
 
--> Parameter xsthdpdir set to xst


Total REAL time to Xst completion: 0.00 secs
Total CPU time to Xst completion: 0.14 secs
 
--> Reading design: TopLevelSchematic.prj

TABLE OF CONTENTS
  1) Synthesis Options Summary
  2) HDL Compilation
  3) Design Hierarchy Analysis
  4) HDL Analysis
  5) HDL Synthesis
     5.1) HDL Synthesis Report
  6) Advanced HDL Synthesis
     6.1) Advanced HDL Synthesis Report
  7) Low Level Synthesis
  8) Partition Report
  9) Final Report

=========================================================================
*                      Synthesis Options Summary                        *
=========================================================================
---- Source Parameters
Input File Name                    : "TopLevelSchematic.prj"
Input Format                       : mixed
Ignore Synthesis Constraint File   : NO

---- Target Parameters
Output File Name                   : "TopLevelSchematic"
Output Format                      : NGC
Target Device                      : CoolRunner2 CPLDs

---- Source Options
Top Module Name                    : TopLevelSchematic
Automatic FSM Extraction           : NO
Mux Extraction                     : Yes
Resource Sharing                   : YES

---- Target Options
Add IO Buffers                     : YES
MACRO Preserve                     : YES
XOR Preserve                       : YES
Equivalent register Removal        : YES

---- General Options
Optimization Goal                  : Area
Optimization Effort                : 1
Keep Hierarchy                     : Yes
Netlist Hierarchy                  : As_Optimized
RTL Output                         : Yes
Hierarchy Separator                : /
Bus Delimiter                      : <>
Case Specifier                     : Maintain
Verilog 2001                       : YES

---- Other Options
Clock Enable                       : YES
wysiwyg                            : NO

=========================================================================


=========================================================================
*                          HDL Compilation                              *
=========================================================================
Compiling vhdl file "C:/Users/David/Documents/GitHub/CPLD/Lab/SevenSegDriver.vhd" in Library work.
Entity <sevensegdrivervhdl> compiled.
Entity <sevensegdrivervhdl> (Architecture <behavioral>) compiled.
Compiling vhdl file "C:/Users/David/Documents/GitHub/CPLD/Lab/ControlLogicVHDL.vhd" in Library work.
Architecture behavioral of Entity uartreceivervhdl is up to date.
Compiling vhdl file "C:/Users/David/Documents/GitHub/CPLD/Lab/UARTReceiver.vhf" in Library work.
Architecture behavioral of Entity fd_mxilinx_uartreceiver is up to date.
Architecture behavioral of Entity clockdiv2_muser_uartreceiver is up to date.
Architecture behavioral of Entity sr8ce_mxilinx_uartreceiver is up to date.
Architecture behavioral of Entity fdd8ce_mxilinx_uartreceiver is up to date.
Architecture behavioral of Entity uartreceiver is up to date.
Compiling vhdl file "C:/Users/David/Documents/GitHub/CPLD/Lab/TopLevelSchematic.vhf" in Library work.
Architecture behavioral of Entity fd_mxilinx_toplevelschematic is up to date.
Architecture behavioral of Entity clockdiv2_muser_toplevelschematic is up to date.
Architecture behavioral of Entity clockdiv_muser_toplevelschematic is up to date.
Architecture behavioral of Entity toplevelschematic is up to date.
Compiling vhdl file "C:/Users/David/Documents/GitHub/CPLD/Lab/ClockDiv.vhf" in Library work.
Architecture behavioral of Entity fd_mxilinx_clockdiv is up to date.
Architecture behavioral of Entity clockdiv2_muser_clockdiv is up to date.
Architecture behavioral of Entity clockdiv is up to date.
Compiling vhdl file "C:/Users/David/Documents/GitHub/CPLD/Lab/ClockDiv2.vhf" in Library work.
Architecture behavioral of Entity fd_mxilinx_clockdiv2 is up to date.
Architecture behavioral of Entity clockdiv2 is up to date.

=========================================================================
*                     Design Hierarchy Analysis                         *
=========================================================================
Analyzing hierarchy for entity <TopLevelSchematic> in library <work> (architecture <behavioral>).

Analyzing hierarchy for entity <ClockDiv_MUSER_TopLevelSchematic> in library <work> (architecture <behavioral>).

Analyzing hierarchy for entity <SevenSegDriverVHDL> in library <work> (architecture <behavioral>).

Analyzing hierarchy for entity <UARTReceiverVHDL> in library <work> (architecture <behavioral>).

Analyzing hierarchy for entity <ClockDiv2_MUSER_TopLevelSchematic> in library <work> (architecture <behavioral>).

Analyzing hierarchy for entity <FD_MXILINX_TopLevelSchematic> in library <work> (architecture <behavioral>) with generics.
	INIT = '0'


=========================================================================
*                            HDL Analysis                               *
=========================================================================
Analyzing Entity <TopLevelSchematic> in library <work> (Architecture <behavioral>).
WARNING:Xst:753 - "C:/Users/David/Documents/GitHub/CPLD/Lab/TopLevelSchematic.vhf" line 198: Unconnected output port 'data_out' of component 'UARTReceiverVHDL'.
    Set user-defined property "KEEP =  TRUE" for signal <clock> in unit <UARTReceiverVHDL>.
    Set user-defined property "KEEP =  TRUE" for signal <data_in> in unit <UARTReceiverVHDL>.
    Set user-defined property "KEEP =  TRUE" for signal <dataReceivedFlag> in unit <UARTReceiverVHDL>.
Entity <TopLevelSchematic> analyzed. Unit <TopLevelSchematic> generated.

Analyzing Entity <ClockDiv_MUSER_TopLevelSchematic> in library <work> (Architecture <behavioral>).
Entity <ClockDiv_MUSER_TopLevelSchematic> analyzed. Unit <ClockDiv_MUSER_TopLevelSchematic> generated.

Analyzing Entity <ClockDiv2_MUSER_TopLevelSchematic> in library <work> (Architecture <behavioral>).
    Set user-defined property "HU_SET =  XLXI_4_0" for instance <XLXI_4> in unit <ClockDiv2_MUSER_TopLevelSchematic>.
Entity <ClockDiv2_MUSER_TopLevelSchematic> analyzed. Unit <ClockDiv2_MUSER_TopLevelSchematic> generated.

Analyzing generic Entity <FD_MXILINX_TopLevelSchematic> in library <work> (Architecture <behavioral>).
	INIT = '0'
    Set user-defined property "INIT =  0" for instance <U0> in unit <FD_MXILINX_TopLevelSchematic>.
Entity <FD_MXILINX_TopLevelSchematic> analyzed. Unit <FD_MXILINX_TopLevelSchematic> generated.

Analyzing Entity <SevenSegDriverVHDL> in library <work> (Architecture <behavioral>).
Entity <SevenSegDriverVHDL> analyzed. Unit <SevenSegDriverVHDL> generated.

Analyzing Entity <UARTReceiverVHDL> in library <work> (Architecture <behavioral>).
    Set user-defined property "KEEP =  TRUE" for signal <state>.
    Set user-defined property "KEEP =  TRUE" for signal <bitsReceived>.
Entity <UARTReceiverVHDL> analyzed. Unit <UARTReceiverVHDL> generated.


=========================================================================
*                           HDL Synthesis                               *
=========================================================================

Performing bidirectional port resolution...

Synthesizing Unit <SevenSegDriverVHDL>.
    Related source file is "C:/Users/David/Documents/GitHub/CPLD/Lab/SevenSegDriver.vhd".
    Found 16x8-bit ROM for signal <sevenSeg$mux0001> created at line 48.
    Found 8-bit register for signal <sevenSeg>.
    Summary:
	inferred   1 ROM(s).
Unit <SevenSegDriverVHDL> synthesized.


Synthesizing Unit <UARTReceiverVHDL>.
    Related source file is "C:/Users/David/Documents/GitHub/CPLD/Lab/ControlLogicVHDL.vhd".
    Found 4-bit register for signal <upper_out>.
    Found 8-bit register for signal <data_out>.
    Found 1-bit register for signal <dataReceivedFlag>.
    Found 4-bit register for signal <lower_out>.
    Found 3-bit register for signal <bitCounter>.
    Found 3-bit adder for signal <bitCounter$addsub0000> created at line 101.
    Found 8-bit register for signal <bitsReceived>.
    Found 5-bit register for signal <count>.
    Found 5-bit adder for signal <count$add0000> created at line 74.
    Found 5-bit 4-to-1 multiplexer for signal <count$mux0002> created at line 76.
    Found 2-bit register for signal <state>.
    Summary:
	inferred   9 D-type flip-flop(s).
	inferred   2 Adder/Subtractor(s).
Unit <UARTReceiverVHDL> synthesized.


Synthesizing Unit <FD_MXILINX_TopLevelSchematic>.
    Related source file is "C:/Users/David/Documents/GitHub/CPLD/Lab/TopLevelSchematic.vhf".
Unit <FD_MXILINX_TopLevelSchematic> synthesized.


Synthesizing Unit <ClockDiv2_MUSER_TopLevelSchematic>.
    Related source file is "C:/Users/David/Documents/GitHub/CPLD/Lab/TopLevelSchematic.vhf".
Unit <ClockDiv2_MUSER_TopLevelSchematic> synthesized.


Synthesizing Unit <ClockDiv_MUSER_TopLevelSchematic>.
    Related source file is "C:/Users/David/Documents/GitHub/CPLD/Lab/TopLevelSchematic.vhf".
Unit <ClockDiv_MUSER_TopLevelSchematic> synthesized.


Synthesizing Unit <TopLevelSchematic>.
    Related source file is "C:/Users/David/Documents/GitHub/CPLD/Lab/TopLevelSchematic.vhf".
Unit <TopLevelSchematic> synthesized.


=========================================================================
HDL Synthesis Report

Macro Statistics
# ROMs                                                 : 2
 16x8-bit ROM                                          : 2
# Adders/Subtractors                                   : 2
 3-bit adder                                           : 1
 5-bit adder                                           : 1
# Registers                                            : 17
 1-bit register                                        : 9
 2-bit register                                        : 1
 3-bit register                                        : 1
 4-bit register                                        : 2
 5-bit register                                        : 1
 8-bit register                                        : 3
# Multiplexers                                         : 1
 5-bit 4-to-1 multiplexer                              : 1

=========================================================================

=========================================================================
*                       Advanced HDL Synthesis                          *
=========================================================================


=========================================================================
Advanced HDL Synthesis Report

Macro Statistics
# ROMs                                                 : 2
 16x8-bit ROM                                          : 2
# Adders/Subtractors                                   : 2
 3-bit adder                                           : 1
 5-bit adder                                           : 1
# Registers                                            : 11
 Flip-Flops                                            : 11
# Multiplexers                                         : 1
 5-bit 4-to-1 multiplexer                              : 1

=========================================================================

=========================================================================
*                         Low Level Synthesis                           *
=========================================================================
INFO:Xst:2261 - The FF/Latch <lower_out_0> in Unit <UARTReceiverVHDL> is equivalent to the following FF/Latch, which will be removed : <data_out_0> 
INFO:Xst:2261 - The FF/Latch <lower_out_1> in Unit <UARTReceiverVHDL> is equivalent to the following FF/Latch, which will be removed : <data_out_1> 
INFO:Xst:2261 - The FF/Latch <lower_out_2> in Unit <UARTReceiverVHDL> is equivalent to the following FF/Latch, which will be removed : <data_out_2> 
INFO:Xst:2261 - The FF/Latch <lower_out_3> in Unit <UARTReceiverVHDL> is equivalent to the following FF/Latch, which will be removed : <data_out_3> 
INFO:Xst:2261 - The FF/Latch <upper_out_0> in Unit <UARTReceiverVHDL> is equivalent to the following FF/Latch, which will be removed : <data_out_4> 
INFO:Xst:2261 - The FF/Latch <upper_out_1> in Unit <UARTReceiverVHDL> is equivalent to the following FF/Latch, which will be removed : <data_out_5> 
INFO:Xst:2261 - The FF/Latch <upper_out_2> in Unit <UARTReceiverVHDL> is equivalent to the following FF/Latch, which will be removed : <data_out_6> 
INFO:Xst:2261 - The FF/Latch <upper_out_3> in Unit <UARTReceiverVHDL> is equivalent to the following FF/Latch, which will be removed : <data_out_7> 

Optimizing unit <TopLevelSchematic> ...

Optimizing unit <FD_MXILINX_TopLevelSchematic> ...
  implementation constraint: INIT=0	 : U0

Optimizing unit <SevenSegDriverVHDL> ...
  implementation constraint: INIT=r	 : sevenSeg_7
  implementation constraint: INIT=r	 : sevenSeg_0
  implementation constraint: INIT=r	 : sevenSeg_1
  implementation constraint: INIT=r	 : sevenSeg_2
  implementation constraint: INIT=r	 : sevenSeg_3
  implementation constraint: INIT=r	 : sevenSeg_4
  implementation constraint: INIT=r	 : sevenSeg_5
  implementation constraint: INIT=r	 : sevenSeg_6

Optimizing unit <UARTReceiverVHDL> ...
  implementation constraint: KEEP	 : state<1>
  implementation constraint: KEEP	 : state<0>
  implementation constraint: KEEP	 : bitsReceived<7>
  implementation constraint: KEEP	 : bitsReceived<6>
  implementation constraint: KEEP	 : bitsReceived<5>
  implementation constraint: KEEP	 : bitsReceived<4>
  implementation constraint: KEEP	 : bitsReceived<3>
  implementation constraint: KEEP	 : bitsReceived<2>
  implementation constraint: KEEP	 : bitsReceived<1>
  implementation constraint: KEEP	 : bitsReceived<0>
  implementation constraint: INIT=r	 : bitsReceived_7
  implementation constraint: INIT=r	 : count_4
  implementation constraint: INIT=r	 : lower_out_3
  implementation constraint: INIT=r	 : bitCounter_2
  implementation constraint: INIT=r	 : state_1
  implementation constraint: INIT=r	 : dataReceivedFlag
  implementation constraint: INIT=r	 : bitsReceived_0
  implementation constraint: INIT=r	 : bitsReceived_1
  implementation constraint: INIT=r	 : bitsReceived_2
  implementation constraint: INIT=r	 : bitsReceived_3
  implementation constraint: INIT=r	 : bitsReceived_4
  implementation constraint: INIT=r	 : bitsReceived_5
  implementation constraint: INIT=r	 : upper_out_3
  implementation constraint: INIT=r	 : bitsReceived_6
  implementation constraint: INIT=r	 : count_2
  implementation constraint: INIT=r	 : count_3
  implementation constraint: INIT=r	 : bitCounter_1
  implementation constraint: INIT=r	 : count_1
  implementation constraint: INIT=r	 : upper_out_1
  implementation constraint: INIT=r	 : bitCounter_0
  implementation constraint: INIT=r	 : count_0
  implementation constraint: INIT=r	 : lower_out_2
  implementation constraint: INIT=r	 : state_0
  implementation constraint: INIT=r	 : lower_out_1
  implementation constraint: INIT=r	 : upper_out_2
  implementation constraint: INIT=r	 : upper_out_0
  implementation constraint: INIT=r	 : lower_out_0

Optimizing unit <ClockDiv2_MUSER_TopLevelSchematic> ...

Optimizing unit <ClockDiv_MUSER_TopLevelSchematic> ...

=========================================================================
*                           Partition Report                            *
=========================================================================

Partition Implementation Status
-------------------------------

  No Partitions were found in this design.

-------------------------------

=========================================================================
*                            Final Report                               *
=========================================================================
Final Results
RTL Top Level Output File Name     : TopLevelSchematic.ngr
Top Level Output File Name         : TopLevelSchematic
Output Format                      : NGC
Optimization Goal                  : Area
Keep Hierarchy                     : Yes
Target Technology                  : CoolRunner2 CPLDs
Macro Preserve                     : YES
XOR Preserve                       : YES
Clock Enable                       : YES
wysiwyg                            : NO

Design Statistics
# IOs                              : 18

Cell Usage :
# BELS                             : 307
#      AND2                        : 110
#      AND3                        : 14
#      GND                         : 3
#      INV                         : 97
#      OR2                         : 74
#      OR3                         : 2
#      XOR2                        : 7
# FlipFlops/Latches                : 45
#      FD                          : 35
#      FDCE                        : 8
#      FDCP                        : 2
# IO Buffers                       : 18
#      IBUF                        : 2
#      OBUF                        : 16
=========================================================================


Total REAL time to Xst completion: 4.00 secs
Total CPU time to Xst completion: 4.13 secs
 
--> 

Total memory usage is 4510804 kilobytes

Number of errors   :    0 (   0 filtered)
Number of warnings :    1 (   0 filtered)
Number of infos    :    8 (   0 filtered)

